-------------------------------------------------------------------------------
Test set: com.example.todoapp.TodoAppApplicationTests
-------------------------------------------------------------------------------
Tests run: 1, Failures: 0, Errors: 1, Skipped: 0, Time elapsed: 0.203 s <<< FAILURE! - in com.example.todoapp.TodoAppApplicationTests
com.example.todoapp.TodoAppApplicationTests  Time elapsed: 0.202 s  <<< ERROR!
java.lang.IllegalStateException: Unable to find a @SpringBootConfiguration, you need to use @ContextConfiguration or @SpringBootTest(classes=...) with your test

